-- Install configuration: ""
-- Up-to-date: /home/gepopa/uav_ws/install/uav_bringup/share/uav_bringup//launch
-- Up-to-date: /home/gepopa/uav_ws/install/uav_bringup/share/uav_bringup//launch/robot_spawn_launch.py
-- Up-to-date: /home/gepopa/uav_ws/install/uav_bringup/share/uav_bringup//launch/gazebo_launch.py
-- Up-to-date: /home/gepopa/uav_ws/install/uav_bringup/share/uav_bringup//launch/main_launch.py
-- Up-to-date: /home/gepopa/uav_ws/install/uav_bringup/share/uav_bringup//worlds
-- Up-to-date: /home/gepopa/uav_ws/install/uav_bringup/share/uav_bringup//worlds/cylinder.world
-- Up-to-date: /home/gepopa/uav_ws/install/uav_bringup/share/uav_bringup//models
-- Up-to-date: /home/gepopa/uav_ws/install/uav_bringup/share/uav_bringup//models/realsense_camera
-- Up-to-date: /home/gepopa/uav_ws/install/uav_bringup/share/uav_bringup//models/realsense_camera/materials
-- Up-to-date: /home/gepopa/uav_ws/install/uav_bringup/share/uav_bringup//models/realsense_camera/materials/textures
-- Up-to-date: /home/gepopa/uav_ws/install/uav_bringup/share/uav_bringup//models/realsense_camera/materials/textures/realsense_diffuse.png
-- Up-to-date: /home/gepopa/uav_ws/install/uav_bringup/share/uav_bringup//models/realsense_camera/model.sdf
-- Up-to-date: /home/gepopa/uav_ws/install/uav_bringup/share/uav_bringup//models/realsense_camera/meshes
-- Up-to-date: /home/gepopa/uav_ws/install/uav_bringup/share/uav_bringup//models/realsense_camera/meshes/realsense.dae
-- Up-to-date: /home/gepopa/uav_ws/install/uav_bringup/share/uav_bringup//models/realsense_camera/model.config
-- Up-to-date: /home/gepopa/uav_ws/install/uav_bringup/share/uav_bringup//models/gps
-- Up-to-date: /home/gepopa/uav_ws/install/uav_bringup/share/uav_bringup//models/gps/gps.sdf
-- Up-to-date: /home/gepopa/uav_ws/install/uav_bringup/share/uav_bringup//models/gps/model.config
-- Up-to-date: /home/gepopa/uav_ws/install/uav_bringup/share/uav_bringup//models/depth_camera_sensor
-- Up-to-date: /home/gepopa/uav_ws/install/uav_bringup/share/uav_bringup//models/depth_camera_sensor/meshes
-- Up-to-date: /home/gepopa/uav_ws/install/uav_bringup/share/uav_bringup//models/depth_camera_sensor/meshes/hokuyo_convex.stl
-- Up-to-date: /home/gepopa/uav_ws/install/uav_bringup/share/uav_bringup//models/depth_camera_sensor/meshes/hokuyo.dae
-- Up-to-date: /home/gepopa/uav_ws/install/uav_bringup/share/uav_bringup//models/depth_camera_sensor/depth_camera_sensor.sdf
-- Up-to-date: /home/gepopa/uav_ws/install/uav_bringup/share/uav_bringup//models/depth_camera_sensor/model.config
-- Up-to-date: /home/gepopa/uav_ws/install/uav_bringup/share/uav_bringup//models/iris_depth_camera
-- Up-to-date: /home/gepopa/uav_ws/install/uav_bringup/share/uav_bringup//models/iris_depth_camera/iris_depth_camera.sdf
-- Up-to-date: /home/gepopa/uav_ws/install/uav_bringup/share/uav_bringup//models/iris_depth_camera/model.config
-- Up-to-date: /home/gepopa/uav_ws/install/uav_bringup/share/uav_bringup//models/iris
-- Up-to-date: /home/gepopa/uav_ws/install/uav_bringup/share/uav_bringup//models/iris/iris.sdf
-- Up-to-date: /home/gepopa/uav_ws/install/uav_bringup/share/uav_bringup//models/iris/meshes
-- Up-to-date: /home/gepopa/uav_ws/install/uav_bringup/share/uav_bringup//models/iris/meshes/iris_prop_cw.dae
-- Up-to-date: /home/gepopa/uav_ws/install/uav_bringup/share/uav_bringup//models/iris/meshes/iris.stl
-- Up-to-date: /home/gepopa/uav_ws/install/uav_bringup/share/uav_bringup//models/iris/meshes/iris_prop_ccw.dae
-- Up-to-date: /home/gepopa/uav_ws/install/uav_bringup/share/uav_bringup//models/iris/model.config
-- Up-to-date: /home/gepopa/uav_ws/install/uav_bringup/share/ament_index/resource_index/package_run_dependencies/uav_bringup
-- Up-to-date: /home/gepopa/uav_ws/install/uav_bringup/share/ament_index/resource_index/parent_prefix_path/uav_bringup
-- Up-to-date: /home/gepopa/uav_ws/install/uav_bringup/share/uav_bringup/environment/ament_prefix_path.sh
-- Up-to-date: /home/gepopa/uav_ws/install/uav_bringup/share/uav_bringup/environment/ament_prefix_path.dsv
-- Up-to-date: /home/gepopa/uav_ws/install/uav_bringup/share/uav_bringup/environment/path.sh
-- Up-to-date: /home/gepopa/uav_ws/install/uav_bringup/share/uav_bringup/environment/path.dsv
-- Up-to-date: /home/gepopa/uav_ws/install/uav_bringup/share/uav_bringup/local_setup.bash
-- Up-to-date: /home/gepopa/uav_ws/install/uav_bringup/share/uav_bringup/local_setup.sh
-- Up-to-date: /home/gepopa/uav_ws/install/uav_bringup/share/uav_bringup/local_setup.zsh
-- Up-to-date: /home/gepopa/uav_ws/install/uav_bringup/share/uav_bringup/local_setup.dsv
-- Up-to-date: /home/gepopa/uav_ws/install/uav_bringup/share/uav_bringup/package.dsv
-- Up-to-date: /home/gepopa/uav_ws/install/uav_bringup/share/ament_index/resource_index/packages/uav_bringup
-- Up-to-date: /home/gepopa/uav_ws/install/uav_bringup/share/uav_bringup/cmake/uav_bringupConfig.cmake
-- Up-to-date: /home/gepopa/uav_ws/install/uav_bringup/share/uav_bringup/cmake/uav_bringupConfig-version.cmake
-- Up-to-date: /home/gepopa/uav_ws/install/uav_bringup/share/uav_bringup/package.xml
