running egg_info
writing ../../build/uav_visualizer/uav_visualizer.egg-info/PKG-INFO
writing dependency_links to ../../build/uav_visualizer/uav_visualizer.egg-info/dependency_links.txt
writing entry points to ../../build/uav_visualizer/uav_visualizer.egg-info/entry_points.txt
writing requirements to ../../build/uav_visualizer/uav_visualizer.egg-info/requires.txt
writing top-level names to ../../build/uav_visualizer/uav_visualizer.egg-info/top_level.txt
reading manifest file '../../build/uav_visualizer/uav_visualizer.egg-info/SOURCES.txt'
writing manifest file '../../build/uav_visualizer/uav_visualizer.egg-info/SOURCES.txt'
running build
running build_py
copying uav_visualizer/visualizer_node.py -> /home/gepopa/uav_ws/build/uav_visualizer/build/lib/uav_visualizer
running install
running install_lib
copying /home/gepopa/uav_ws/build/uav_visualizer/build/lib/uav_visualizer/visualizer_node.py -> /home/gepopa/uav_ws/install/uav_visualizer/lib/python3.10/site-packages/uav_visualizer
byte-compiling /home/gepopa/uav_ws/install/uav_visualizer/lib/python3.10/site-packages/uav_visualizer/visualizer_node.py to visualizer_node.cpython-310.pyc
running install_data
copying package.xml -> /home/gepopa/uav_ws/install/uav_visualizer/share/uav_visualizer
running install_egg_info
removing '/home/gepopa/uav_ws/install/uav_visualizer/lib/python3.10/site-packages/uav_visualizer-0.0.0-py3.10.egg-info' (and everything under it)
Copying ../../build/uav_visualizer/uav_visualizer.egg-info to /home/gepopa/uav_ws/install/uav_visualizer/lib/python3.10/site-packages/uav_visualizer-0.0.0-py3.10.egg-info
running install_scripts
Installing visualizer_node script to /home/gepopa/uav_ws/install/uav_visualizer/lib/uav_visualizer
writing list of installed files to '/home/gepopa/uav_ws/build/uav_visualizer/install.log'
