[0.493s] Invoking command in '/home/gepopa/uav_ws/src/uav_visualizer': AMENT_PREFIX_PATH=/home/gepopa/uav_ws/install/px4_msgs:${AMENT_PREFIX_PATH} CMAKE_PREFIX_PATH=/home/gepopa/uav_ws/install/px4_msgs:${CMAKE_PREFIX_PATH} LD_LIBRARY_PATH=/home/gepopa/uav_ws/install/px4_msgs/lib:${LD_LIBRARY_PATH} PYTHONPATH=/home/gepopa/uav_ws/build/uav_visualizer/prefix_override:/home/gepopa/uav_ws/install/uav_visualizer/lib/python3.10/site-packages:/home/gepopa/uav_ws/install/px4_msgs/local/lib/python3.10/dist-packages:${PYTHONPATH} /usr/bin/python3 setup.py egg_info --egg-base ../../build/uav_visualizer build --build-base /home/gepopa/uav_ws/build/uav_visualizer/build install --record /home/gepopa/uav_ws/build/uav_visualizer/install.log --single-version-externally-managed
[0.685s] running egg_info
[0.685s] writing ../../build/uav_visualizer/uav_visualizer.egg-info/PKG-INFO
[0.686s] writing dependency_links to ../../build/uav_visualizer/uav_visualizer.egg-info/dependency_links.txt
[0.686s] writing entry points to ../../build/uav_visualizer/uav_visualizer.egg-info/entry_points.txt
[0.686s] writing requirements to ../../build/uav_visualizer/uav_visualizer.egg-info/requires.txt
[0.686s] writing top-level names to ../../build/uav_visualizer/uav_visualizer.egg-info/top_level.txt
[0.687s] reading manifest file '../../build/uav_visualizer/uav_visualizer.egg-info/SOURCES.txt'
[0.688s] writing manifest file '../../build/uav_visualizer/uav_visualizer.egg-info/SOURCES.txt'
[0.689s] running build
[0.689s] running build_py
[0.689s] copying uav_visualizer/visualizer_node.py -> /home/gepopa/uav_ws/build/uav_visualizer/build/lib/uav_visualizer
[0.689s] running install
[0.689s] running install_lib
[0.690s] copying /home/gepopa/uav_ws/build/uav_visualizer/build/lib/uav_visualizer/visualizer_node.py -> /home/gepopa/uav_ws/install/uav_visualizer/lib/python3.10/site-packages/uav_visualizer
[0.690s] byte-compiling /home/gepopa/uav_ws/install/uav_visualizer/lib/python3.10/site-packages/uav_visualizer/visualizer_node.py to visualizer_node.cpython-310.pyc
[0.691s] running install_data
[0.692s] running install_egg_info
[0.693s] removing '/home/gepopa/uav_ws/install/uav_visualizer/lib/python3.10/site-packages/uav_visualizer-0.0.0-py3.10.egg-info' (and everything under it)
[0.694s] Copying ../../build/uav_visualizer/uav_visualizer.egg-info to /home/gepopa/uav_ws/install/uav_visualizer/lib/python3.10/site-packages/uav_visualizer-0.0.0-py3.10.egg-info
[0.695s] running install_scripts
[0.709s] Installing visualizer_node script to /home/gepopa/uav_ws/install/uav_visualizer/lib/uav_visualizer
[0.710s] writing list of installed files to '/home/gepopa/uav_ws/build/uav_visualizer/install.log'
[0.727s] Invoked command in '/home/gepopa/uav_ws/src/uav_visualizer' returned '0': AMENT_PREFIX_PATH=/home/gepopa/uav_ws/install/px4_msgs:${AMENT_PREFIX_PATH} CMAKE_PREFIX_PATH=/home/gepopa/uav_ws/install/px4_msgs:${CMAKE_PREFIX_PATH} LD_LIBRARY_PATH=/home/gepopa/uav_ws/install/px4_msgs/lib:${LD_LIBRARY_PATH} PYTHONPATH=/home/gepopa/uav_ws/build/uav_visualizer/prefix_override:/home/gepopa/uav_ws/install/uav_visualizer/lib/python3.10/site-packages:/home/gepopa/uav_ws/install/px4_msgs/local/lib/python3.10/dist-packages:${PYTHONPATH} /usr/bin/python3 setup.py egg_info --egg-base ../../build/uav_visualizer build --build-base /home/gepopa/uav_ws/build/uav_visualizer/build install --record /home/gepopa/uav_ws/build/uav_visualizer/install.log --single-version-externally-managed
