[0.742s] Invoking command in '/home/gepopa/uav_ws/src/uav_controller': AMENT_PREFIX_PATH=/home/gepopa/uav_ws/install/px4_msgs:${AMENT_PREFIX_PATH} CMAKE_PREFIX_PATH=/home/gepopa/uav_ws/install/px4_msgs:${CMAKE_PREFIX_PATH} LD_LIBRARY_PATH=/home/gepopa/uav_ws/install/px4_msgs/lib:${LD_LIBRARY_PATH} PYTHONPATH=/home/gepopa/uav_ws/build/uav_controller/prefix_override:/home/gepopa/uav_ws/install/uav_controller/lib/python3.10/site-packages:/home/gepopa/uav_ws/install/px4_msgs/local/lib/python3.10/dist-packages:${PYTHONPATH} /usr/bin/python3 setup.py egg_info --egg-base ../../build/uav_controller build --build-base /home/gepopa/uav_ws/build/uav_controller/build install --record /home/gepopa/uav_ws/build/uav_controller/install.log --single-version-externally-managed
[0.966s] running egg_info
[0.967s] writing ../../build/uav_controller/uav_controller.egg-info/PKG-INFO
[0.967s] writing dependency_links to ../../build/uav_controller/uav_controller.egg-info/dependency_links.txt
[0.968s] writing entry points to ../../build/uav_controller/uav_controller.egg-info/entry_points.txt
[0.968s] writing requirements to ../../build/uav_controller/uav_controller.egg-info/requires.txt
[0.968s] writing top-level names to ../../build/uav_controller/uav_controller.egg-info/top_level.txt
[0.970s] reading manifest file '../../build/uav_controller/uav_controller.egg-info/SOURCES.txt'
[0.972s] writing manifest file '../../build/uav_controller/uav_controller.egg-info/SOURCES.txt'
[0.972s] running build
[0.972s] running build_py
[0.972s] copying uav_controller/waypoint_mission_node.py -> /home/gepopa/uav_ws/build/uav_controller/build/lib/uav_controller
[0.973s] running install
[0.973s] running install_lib
[0.974s] copying /home/gepopa/uav_ws/build/uav_controller/build/lib/uav_controller/waypoint_mission_node.py -> /home/gepopa/uav_ws/install/uav_controller/lib/python3.10/site-packages/uav_controller
[0.975s] byte-compiling /home/gepopa/uav_ws/install/uav_controller/lib/python3.10/site-packages/uav_controller/waypoint_mission_node.py to waypoint_mission_node.cpython-310.pyc
[0.976s] running install_data
[0.977s] running install_egg_info
[0.980s] removing '/home/gepopa/uav_ws/install/uav_controller/lib/python3.10/site-packages/uav_controller-0.0.0-py3.10.egg-info' (and everything under it)
[0.980s] Copying ../../build/uav_controller/uav_controller.egg-info to /home/gepopa/uav_ws/install/uav_controller/lib/python3.10/site-packages/uav_controller-0.0.0-py3.10.egg-info
[0.981s] running install_scripts
[1.009s] Installing velocity_controller_node script to /home/gepopa/uav_ws/install/uav_controller/lib/uav_controller
[1.009s] Installing waypoint_mission_node script to /home/gepopa/uav_ws/install/uav_controller/lib/uav_controller
[1.009s] writing list of installed files to '/home/gepopa/uav_ws/build/uav_controller/install.log'
[1.042s] Invoked command in '/home/gepopa/uav_ws/src/uav_controller' returned '0': AMENT_PREFIX_PATH=/home/gepopa/uav_ws/install/px4_msgs:${AMENT_PREFIX_PATH} CMAKE_PREFIX_PATH=/home/gepopa/uav_ws/install/px4_msgs:${CMAKE_PREFIX_PATH} LD_LIBRARY_PATH=/home/gepopa/uav_ws/install/px4_msgs/lib:${LD_LIBRARY_PATH} PYTHONPATH=/home/gepopa/uav_ws/build/uav_controller/prefix_override:/home/gepopa/uav_ws/install/uav_controller/lib/python3.10/site-packages:/home/gepopa/uav_ws/install/px4_msgs/local/lib/python3.10/dist-packages:${PYTHONPATH} /usr/bin/python3 setup.py egg_info --egg-base ../../build/uav_controller build --build-base /home/gepopa/uav_ws/build/uav_controller/build install --record /home/gepopa/uav_ws/build/uav_controller/install.log --single-version-externally-managed
