[0.701s] Invoking command in '/home/gepopa/uav_ws/src/uav_controller': AMENT_PREFIX_PATH=/home/gepopa/uav_ws/install/px4_msgs:${AMENT_PREFIX_PATH} CMAKE_PREFIX_PATH=/home/gepopa/uav_ws/install/px4_msgs:${CMAKE_PREFIX_PATH} LD_LIBRARY_PATH=/home/gepopa/uav_ws/install/px4_msgs/lib:${LD_LIBRARY_PATH} PYTHONPATH=/home/gepopa/uav_ws/build/uav_controller/prefix_override:/home/gepopa/uav_ws/install/uav_controller/lib/python3.10/site-packages:/home/gepopa/uav_ws/install/px4_msgs/local/lib/python3.10/dist-packages:${PYTHONPATH} /usr/bin/python3 setup.py egg_info --egg-base ../../build/uav_controller build --build-base /home/gepopa/uav_ws/build/uav_controller/build install --record /home/gepopa/uav_ws/build/uav_controller/install.log --single-version-externally-managed
[0.894s] running egg_info
[0.894s] writing ../../build/uav_controller/uav_controller.egg-info/PKG-INFO
[0.895s] writing dependency_links to ../../build/uav_controller/uav_controller.egg-info/dependency_links.txt
[0.895s] writing entry points to ../../build/uav_controller/uav_controller.egg-info/entry_points.txt
[0.895s] writing requirements to ../../build/uav_controller/uav_controller.egg-info/requires.txt
[0.895s] writing top-level names to ../../build/uav_controller/uav_controller.egg-info/top_level.txt
[0.897s] reading manifest file '../../build/uav_controller/uav_controller.egg-info/SOURCES.txt'
[0.899s] writing manifest file '../../build/uav_controller/uav_controller.egg-info/SOURCES.txt'
[0.899s] running build
[0.899s] running build_py
[0.899s] copying uav_controller/velocity_controller_node.py -> /home/gepopa/uav_ws/build/uav_controller/build/lib/uav_controller
[0.899s] copying uav_controller/waypoint_mission_node.py -> /home/gepopa/uav_ws/build/uav_controller/build/lib/uav_controller
[0.900s] running install
[0.900s] running install_lib
[0.900s] copying /home/gepopa/uav_ws/build/uav_controller/build/lib/uav_controller/velocity_controller_node.py -> /home/gepopa/uav_ws/install/uav_controller/lib/python3.10/site-packages/uav_controller
[0.901s] copying /home/gepopa/uav_ws/build/uav_controller/build/lib/uav_controller/waypoint_mission_node.py -> /home/gepopa/uav_ws/install/uav_controller/lib/python3.10/site-packages/uav_controller
[0.901s] byte-compiling /home/gepopa/uav_ws/install/uav_controller/lib/python3.10/site-packages/uav_controller/velocity_controller_node.py to velocity_controller_node.cpython-310.pyc
[0.903s] byte-compiling /home/gepopa/uav_ws/install/uav_controller/lib/python3.10/site-packages/uav_controller/waypoint_mission_node.py to waypoint_mission_node.cpython-310.pyc
[0.904s] running install_data
[0.904s] running install_egg_info
[0.906s] removing '/home/gepopa/uav_ws/install/uav_controller/lib/python3.10/site-packages/uav_controller-0.0.0-py3.10.egg-info' (and everything under it)
[0.906s] Copying ../../build/uav_controller/uav_controller.egg-info to /home/gepopa/uav_ws/install/uav_controller/lib/python3.10/site-packages/uav_controller-0.0.0-py3.10.egg-info
[0.908s] running install_scripts
[0.924s] Installing velocity_controller_node script to /home/gepopa/uav_ws/install/uav_controller/lib/uav_controller
[0.924s] Installing waypoint_mission_node script to /home/gepopa/uav_ws/install/uav_controller/lib/uav_controller
[0.924s] writing list of installed files to '/home/gepopa/uav_ws/build/uav_controller/install.log'
[0.947s] Invoked command in '/home/gepopa/uav_ws/src/uav_controller' returned '0': AMENT_PREFIX_PATH=/home/gepopa/uav_ws/install/px4_msgs:${AMENT_PREFIX_PATH} CMAKE_PREFIX_PATH=/home/gepopa/uav_ws/install/px4_msgs:${CMAKE_PREFIX_PATH} LD_LIBRARY_PATH=/home/gepopa/uav_ws/install/px4_msgs/lib:${LD_LIBRARY_PATH} PYTHONPATH=/home/gepopa/uav_ws/build/uav_controller/prefix_override:/home/gepopa/uav_ws/install/uav_controller/lib/python3.10/site-packages:/home/gepopa/uav_ws/install/px4_msgs/local/lib/python3.10/dist-packages:${PYTHONPATH} /usr/bin/python3 setup.py egg_info --egg-base ../../build/uav_controller build --build-base /home/gepopa/uav_ws/build/uav_controller/build install --record /home/gepopa/uav_ws/build/uav_controller/install.log --single-version-externally-managed
