[0.782s] Invoking command in '/home/gepopa/uav_ws/src/uav_controller': AMENT_PREFIX_PATH=/home/gepopa/uav_ws/install/px4_msgs:${AMENT_PREFIX_PATH} CMAKE_PREFIX_PATH=/home/gepopa/uav_ws/install/px4_msgs:${CMAKE_PREFIX_PATH} LD_LIBRARY_PATH=/home/gepopa/uav_ws/install/px4_msgs/lib:${LD_LIBRARY_PATH} PYTHONPATH=/home/gepopa/uav_ws/build/uav_controller/prefix_override:/home/gepopa/uav_ws/install/uav_controller/lib/python3.10/site-packages:/home/gepopa/uav_ws/install/px4_msgs/local/lib/python3.10/dist-packages:${PYTHONPATH} /usr/bin/python3 setup.py egg_info --egg-base ../../build/uav_controller build --build-base /home/gepopa/uav_ws/build/uav_controller/build install --record /home/gepopa/uav_ws/build/uav_controller/install.log --single-version-externally-managed
[1.022s] running egg_info
[1.023s] writing ../../build/uav_controller/uav_controller.egg-info/PKG-INFO
[1.023s] writing dependency_links to ../../build/uav_controller/uav_controller.egg-info/dependency_links.txt
[1.024s] writing entry points to ../../build/uav_controller/uav_controller.egg-info/entry_points.txt
[1.024s] writing requirements to ../../build/uav_controller/uav_controller.egg-info/requires.txt
[1.024s] writing top-level names to ../../build/uav_controller/uav_controller.egg-info/top_level.txt
[1.025s] reading manifest file '../../build/uav_controller/uav_controller.egg-info/SOURCES.txt'
[1.026s] writing manifest file '../../build/uav_controller/uav_controller.egg-info/SOURCES.txt'
[1.026s] running build
[1.026s] running build_py
[1.027s] running install
[1.027s] running install_lib
[1.028s] running install_data
[1.029s] running install_egg_info
[1.031s] removing '/home/gepopa/uav_ws/install/uav_controller/lib/python3.10/site-packages/uav_controller-0.0.0-py3.10.egg-info' (and everything under it)
[1.031s] Copying ../../build/uav_controller/uav_controller.egg-info to /home/gepopa/uav_ws/install/uav_controller/lib/python3.10/site-packages/uav_controller-0.0.0-py3.10.egg-info
[1.032s] running install_scripts
[1.049s] Installing controller_node script to /home/gepopa/uav_ws/install/uav_controller/lib/uav_controller
[1.050s] writing list of installed files to '/home/gepopa/uav_ws/build/uav_controller/install.log'
[1.075s] Invoked command in '/home/gepopa/uav_ws/src/uav_controller' returned '0': AMENT_PREFIX_PATH=/home/gepopa/uav_ws/install/px4_msgs:${AMENT_PREFIX_PATH} CMAKE_PREFIX_PATH=/home/gepopa/uav_ws/install/px4_msgs:${CMAKE_PREFIX_PATH} LD_LIBRARY_PATH=/home/gepopa/uav_ws/install/px4_msgs/lib:${LD_LIBRARY_PATH} PYTHONPATH=/home/gepopa/uav_ws/build/uav_controller/prefix_override:/home/gepopa/uav_ws/install/uav_controller/lib/python3.10/site-packages:/home/gepopa/uav_ws/install/px4_msgs/local/lib/python3.10/dist-packages:${PYTHONPATH} /usr/bin/python3 setup.py egg_info --egg-base ../../build/uav_controller build --build-base /home/gepopa/uav_ws/build/uav_controller/build install --record /home/gepopa/uav_ws/build/uav_controller/install.log --single-version-externally-managed
