running egg_info
creating ../../build/uav_teleop/uav_teleop.egg-info
writing ../../build/uav_teleop/uav_teleop.egg-info/PKG-INFO
writing dependency_links to ../../build/uav_teleop/uav_teleop.egg-info/dependency_links.txt
writing entry points to ../../build/uav_teleop/uav_teleop.egg-info/entry_points.txt
writing requirements to ../../build/uav_teleop/uav_teleop.egg-info/requires.txt
writing top-level names to ../../build/uav_teleop/uav_teleop.egg-info/top_level.txt
writing manifest file '../../build/uav_teleop/uav_teleop.egg-info/SOURCES.txt'
reading manifest file '../../build/uav_teleop/uav_teleop.egg-info/SOURCES.txt'
writing manifest file '../../build/uav_teleop/uav_teleop.egg-info/SOURCES.txt'
running build
running build_py
creating /home/gepopa/uav_ws/build/uav_teleop/build
creating /home/gepopa/uav_ws/build/uav_teleop/build/lib
creating /home/gepopa/uav_ws/build/uav_teleop/build/lib/uav_teleop
copying uav_teleop/uav_teleop_node.py -> /home/gepopa/uav_ws/build/uav_teleop/build/lib/uav_teleop
copying uav_teleop/__init__.py -> /home/gepopa/uav_ws/build/uav_teleop/build/lib/uav_teleop
running install
running install_lib
creating /home/gepopa/uav_ws/install/uav_teleop/lib/python3.10/site-packages/uav_teleop
copying /home/gepopa/uav_ws/build/uav_teleop/build/lib/uav_teleop/uav_teleop_node.py -> /home/gepopa/uav_ws/install/uav_teleop/lib/python3.10/site-packages/uav_teleop
copying /home/gepopa/uav_ws/build/uav_teleop/build/lib/uav_teleop/__init__.py -> /home/gepopa/uav_ws/install/uav_teleop/lib/python3.10/site-packages/uav_teleop
byte-compiling /home/gepopa/uav_ws/install/uav_teleop/lib/python3.10/site-packages/uav_teleop/uav_teleop_node.py to uav_teleop_node.cpython-310.pyc
byte-compiling /home/gepopa/uav_ws/install/uav_teleop/lib/python3.10/site-packages/uav_teleop/__init__.py to __init__.cpython-310.pyc
running install_data
creating /home/gepopa/uav_ws/install/uav_teleop/share/ament_index
creating /home/gepopa/uav_ws/install/uav_teleop/share/ament_index/resource_index
creating /home/gepopa/uav_ws/install/uav_teleop/share/ament_index/resource_index/packages
copying resource/uav_teleop -> /home/gepopa/uav_ws/install/uav_teleop/share/ament_index/resource_index/packages
copying package.xml -> /home/gepopa/uav_ws/install/uav_teleop/share/uav_teleop
running install_egg_info
Copying ../../build/uav_teleop/uav_teleop.egg-info to /home/gepopa/uav_ws/install/uav_teleop/lib/python3.10/site-packages/uav_teleop-0.0.0-py3.10.egg-info
running install_scripts
Installing uav_teleop_node script to /home/gepopa/uav_ws/install/uav_teleop/lib/uav_teleop
writing list of installed files to '/home/gepopa/uav_ws/build/uav_teleop/install.log'
