[0.876s] Invoking command in '/home/gepopa/uav_ws/src/uav_controller': AMENT_PREFIX_PATH=/home/gepopa/uav_ws/install/px4_msgs:${AMENT_PREFIX_PATH} CMAKE_PREFIX_PATH=/home/gepopa/uav_ws/install/px4_msgs:${CMAKE_PREFIX_PATH} LD_LIBRARY_PATH=/home/gepopa/uav_ws/install/px4_msgs/lib:${LD_LIBRARY_PATH} PYTHONPATH=/home/gepopa/uav_ws/build/uav_controller/prefix_override:/home/gepopa/uav_ws/install/uav_controller/lib/python3.10/site-packages:/home/gepopa/uav_ws/install/px4_msgs/local/lib/python3.10/dist-packages:${PYTHONPATH} /usr/bin/python3 setup.py egg_info --egg-base ../../build/uav_controller build --build-base /home/gepopa/uav_ws/build/uav_controller/build install --record /home/gepopa/uav_ws/build/uav_controller/install.log --single-version-externally-managed
[1.106s] running egg_info
[1.106s] writing ../../build/uav_controller/uav_controller.egg-info/PKG-INFO
[1.106s] writing dependency_links to ../../build/uav_controller/uav_controller.egg-info/dependency_links.txt
[1.107s] writing entry points to ../../build/uav_controller/uav_controller.egg-info/entry_points.txt
[1.107s] writing requirements to ../../build/uav_controller/uav_controller.egg-info/requires.txt
[1.107s] writing top-level names to ../../build/uav_controller/uav_controller.egg-info/top_level.txt
[1.109s] reading manifest file '../../build/uav_controller/uav_controller.egg-info/SOURCES.txt'
[1.110s] writing manifest file '../../build/uav_controller/uav_controller.egg-info/SOURCES.txt'
[1.111s] running build
[1.111s] running build_py
[1.111s] copying uav_controller/waypoint_mission_node.py -> /home/gepopa/uav_ws/build/uav_controller/build/lib/uav_controller
[1.111s] running install
[1.112s] running install_lib
[1.113s] copying /home/gepopa/uav_ws/build/uav_controller/build/lib/uav_controller/waypoint_mission_node.py -> /home/gepopa/uav_ws/install/uav_controller/lib/python3.10/site-packages/uav_controller
[1.114s] byte-compiling /home/gepopa/uav_ws/install/uav_controller/lib/python3.10/site-packages/uav_controller/waypoint_mission_node.py to waypoint_mission_node.cpython-310.pyc
[1.115s] running install_data
[1.116s] running install_egg_info
[1.118s] removing '/home/gepopa/uav_ws/install/uav_controller/lib/python3.10/site-packages/uav_controller-0.0.0-py3.10.egg-info' (and everything under it)
[1.119s] Copying ../../build/uav_controller/uav_controller.egg-info to /home/gepopa/uav_ws/install/uav_controller/lib/python3.10/site-packages/uav_controller-0.0.0-py3.10.egg-info
[1.120s] running install_scripts
[1.152s] Installing velocity_controller_node script to /home/gepopa/uav_ws/install/uav_controller/lib/uav_controller
[1.152s] Installing waypoint_mission_node script to /home/gepopa/uav_ws/install/uav_controller/lib/uav_controller
[1.152s] writing list of installed files to '/home/gepopa/uav_ws/build/uav_controller/install.log'
[1.187s] Invoked command in '/home/gepopa/uav_ws/src/uav_controller' returned '0': AMENT_PREFIX_PATH=/home/gepopa/uav_ws/install/px4_msgs:${AMENT_PREFIX_PATH} CMAKE_PREFIX_PATH=/home/gepopa/uav_ws/install/px4_msgs:${CMAKE_PREFIX_PATH} LD_LIBRARY_PATH=/home/gepopa/uav_ws/install/px4_msgs/lib:${LD_LIBRARY_PATH} PYTHONPATH=/home/gepopa/uav_ws/build/uav_controller/prefix_override:/home/gepopa/uav_ws/install/uav_controller/lib/python3.10/site-packages:/home/gepopa/uav_ws/install/px4_msgs/local/lib/python3.10/dist-packages:${PYTHONPATH} /usr/bin/python3 setup.py egg_info --egg-base ../../build/uav_controller build --build-base /home/gepopa/uav_ws/build/uav_controller/build install --record /home/gepopa/uav_ws/build/uav_controller/install.log --single-version-externally-managed
