running egg_info
writing ../../build/uav_teleop/uav_teleop.egg-info/PKG-INFO
writing dependency_links to ../../build/uav_teleop/uav_teleop.egg-info/dependency_links.txt
writing entry points to ../../build/uav_teleop/uav_teleop.egg-info/entry_points.txt
writing requirements to ../../build/uav_teleop/uav_teleop.egg-info/requires.txt
writing top-level names to ../../build/uav_teleop/uav_teleop.egg-info/top_level.txt
reading manifest file '../../build/uav_teleop/uav_teleop.egg-info/SOURCES.txt'
writing manifest file '../../build/uav_teleop/uav_teleop.egg-info/SOURCES.txt'
running build
running build_py
copying uav_teleop/uav_teleop_node.py -> /home/gepopa/uav_ws/build/uav_teleop/build/lib/uav_teleop
running install
running install_lib
copying /home/gepopa/uav_ws/build/uav_teleop/build/lib/uav_teleop/uav_teleop_node.py -> /home/gepopa/uav_ws/install/uav_teleop/lib/python3.10/site-packages/uav_teleop
byte-compiling /home/gepopa/uav_ws/install/uav_teleop/lib/python3.10/site-packages/uav_teleop/uav_teleop_node.py to uav_teleop_node.cpython-310.pyc
running install_data
running install_egg_info
removing '/home/gepopa/uav_ws/install/uav_teleop/lib/python3.10/site-packages/uav_teleop-0.0.0-py3.10.egg-info' (and everything under it)
Copying ../../build/uav_teleop/uav_teleop.egg-info to /home/gepopa/uav_ws/install/uav_teleop/lib/python3.10/site-packages/uav_teleop-0.0.0-py3.10.egg-info
running install_scripts
Installing uav_teleop_node script to /home/gepopa/uav_ws/install/uav_teleop/lib/uav_teleop
writing list of installed files to '/home/gepopa/uav_ws/build/uav_teleop/install.log'
