running egg_info
writing ../../build/uav_controller/uav_controller.egg-info/PKG-INFO
writing dependency_links to ../../build/uav_controller/uav_controller.egg-info/dependency_links.txt
writing entry points to ../../build/uav_controller/uav_controller.egg-info/entry_points.txt
writing requirements to ../../build/uav_controller/uav_controller.egg-info/requires.txt
writing top-level names to ../../build/uav_controller/uav_controller.egg-info/top_level.txt
reading manifest file '../../build/uav_controller/uav_controller.egg-info/SOURCES.txt'
writing manifest file '../../build/uav_controller/uav_controller.egg-info/SOURCES.txt'
running build
running build_py
copying uav_controller/controller_node.py -> /home/gepopa/uav_ws/build/uav_controller/build/lib/uav_controller
running install
running install_lib
copying /home/gepopa/uav_ws/build/uav_controller/build/lib/uav_controller/controller_node.py -> /home/gepopa/uav_ws/install/uav_controller/lib/python3.10/site-packages/uav_controller
byte-compiling /home/gepopa/uav_ws/install/uav_controller/lib/python3.10/site-packages/uav_controller/controller_node.py to controller_node.cpython-310.pyc
running install_data
copying launch/uav_controller_launch.py -> /home/gepopa/uav_ws/install/uav_controller/share/uav_controller/launch
running install_egg_info
removing '/home/gepopa/uav_ws/install/uav_controller/lib/python3.10/site-packages/uav_controller-0.0.0-py3.10.egg-info' (and everything under it)
Copying ../../build/uav_controller/uav_controller.egg-info to /home/gepopa/uav_ws/install/uav_controller/lib/python3.10/site-packages/uav_controller-0.0.0-py3.10.egg-info
running install_scripts
Installing controller_node script to /home/gepopa/uav_ws/install/uav_controller/lib/uav_controller
writing list of installed files to '/home/gepopa/uav_ws/build/uav_controller/install.log'
