[0.728s] Invoking command in '/home/gepopa/uav_ws/src/uav_controller': AMENT_PREFIX_PATH=/home/gepopa/uav_ws/install/px4_msgs:${AMENT_PREFIX_PATH} CMAKE_PREFIX_PATH=/home/gepopa/uav_ws/install/px4_msgs:${CMAKE_PREFIX_PATH} LD_LIBRARY_PATH=/home/gepopa/uav_ws/install/px4_msgs/lib:${LD_LIBRARY_PATH} PYTHONPATH=/home/gepopa/uav_ws/build/uav_controller/prefix_override:/home/gepopa/uav_ws/install/uav_controller/lib/python3.10/site-packages:/home/gepopa/uav_ws/install/px4_msgs/local/lib/python3.10/dist-packages:${PYTHONPATH} /usr/bin/python3 setup.py egg_info --egg-base ../../build/uav_controller build --build-base /home/gepopa/uav_ws/build/uav_controller/build install --record /home/gepopa/uav_ws/build/uav_controller/install.log --single-version-externally-managed
[0.936s] running egg_info
[0.936s] writing ../../build/uav_controller/uav_controller.egg-info/PKG-INFO
[0.936s] writing dependency_links to ../../build/uav_controller/uav_controller.egg-info/dependency_links.txt
[0.936s] writing entry points to ../../build/uav_controller/uav_controller.egg-info/entry_points.txt
[0.936s] writing requirements to ../../build/uav_controller/uav_controller.egg-info/requires.txt
[0.937s] writing top-level names to ../../build/uav_controller/uav_controller.egg-info/top_level.txt
[0.938s] reading manifest file '../../build/uav_controller/uav_controller.egg-info/SOURCES.txt'
[0.939s] writing manifest file '../../build/uav_controller/uav_controller.egg-info/SOURCES.txt'
[0.939s] running build
[0.939s] running build_py
[0.939s] copying uav_controller/velocity_controller_node.py -> /home/gepopa/uav_ws/build/uav_controller/build/lib/uav_controller
[0.939s] running install
[0.940s] running install_lib
[0.940s] copying /home/gepopa/uav_ws/build/uav_controller/build/lib/uav_controller/velocity_controller_node.py -> /home/gepopa/uav_ws/install/uav_controller/lib/python3.10/site-packages/uav_controller
[0.941s] byte-compiling /home/gepopa/uav_ws/install/uav_controller/lib/python3.10/site-packages/uav_controller/velocity_controller_node.py to velocity_controller_node.cpython-310.pyc
[0.942s] running install_data
[0.943s] running install_egg_info
[0.944s] removing '/home/gepopa/uav_ws/install/uav_controller/lib/python3.10/site-packages/uav_controller-0.0.0-py3.10.egg-info' (and everything under it)
[0.945s] Copying ../../build/uav_controller/uav_controller.egg-info to /home/gepopa/uav_ws/install/uav_controller/lib/python3.10/site-packages/uav_controller-0.0.0-py3.10.egg-info
[0.945s] running install_scripts
[0.963s] Installing velocity_controller_node script to /home/gepopa/uav_ws/install/uav_controller/lib/uav_controller
[0.963s] Installing waypoint_mission_node script to /home/gepopa/uav_ws/install/uav_controller/lib/uav_controller
[0.963s] writing list of installed files to '/home/gepopa/uav_ws/build/uav_controller/install.log'
[0.987s] Invoked command in '/home/gepopa/uav_ws/src/uav_controller' returned '0': AMENT_PREFIX_PATH=/home/gepopa/uav_ws/install/px4_msgs:${AMENT_PREFIX_PATH} CMAKE_PREFIX_PATH=/home/gepopa/uav_ws/install/px4_msgs:${CMAKE_PREFIX_PATH} LD_LIBRARY_PATH=/home/gepopa/uav_ws/install/px4_msgs/lib:${LD_LIBRARY_PATH} PYTHONPATH=/home/gepopa/uav_ws/build/uav_controller/prefix_override:/home/gepopa/uav_ws/install/uav_controller/lib/python3.10/site-packages:/home/gepopa/uav_ws/install/px4_msgs/local/lib/python3.10/dist-packages:${PYTHONPATH} /usr/bin/python3 setup.py egg_info --egg-base ../../build/uav_controller build --build-base /home/gepopa/uav_ws/build/uav_controller/build install --record /home/gepopa/uav_ws/build/uav_controller/install.log --single-version-externally-managed
