[0.518s] Invoking command in '/home/gepopa/uav_ws/src/uav_teleop': PYTHONPATH=/home/gepopa/uav_ws/build/uav_teleop/prefix_override:/home/gepopa/uav_ws/install/uav_teleop/lib/python3.10/site-packages:${PYTHONPATH} /usr/bin/python3 setup.py egg_info --egg-base ../../build/uav_teleop build --build-base /home/gepopa/uav_ws/build/uav_teleop/build install --record /home/gepopa/uav_ws/build/uav_teleop/install.log --single-version-externally-managed
[0.747s] running egg_info
[0.747s] writing ../../build/uav_teleop/uav_teleop.egg-info/PKG-INFO
[0.748s] writing dependency_links to ../../build/uav_teleop/uav_teleop.egg-info/dependency_links.txt
[0.748s] writing entry points to ../../build/uav_teleop/uav_teleop.egg-info/entry_points.txt
[0.748s] writing requirements to ../../build/uav_teleop/uav_teleop.egg-info/requires.txt
[0.748s] writing top-level names to ../../build/uav_teleop/uav_teleop.egg-info/top_level.txt
[0.749s] reading manifest file '../../build/uav_teleop/uav_teleop.egg-info/SOURCES.txt'
[0.750s] writing manifest file '../../build/uav_teleop/uav_teleop.egg-info/SOURCES.txt'
[0.750s] running build
[0.751s] running build_py
[0.751s] running install
[0.751s] running install_lib
[0.752s] running install_data
[0.753s] running install_egg_info
[0.754s] removing '/home/gepopa/uav_ws/install/uav_teleop/lib/python3.10/site-packages/uav_teleop-0.0.0-py3.10.egg-info' (and everything under it)
[0.754s] Copying ../../build/uav_teleop/uav_teleop.egg-info to /home/gepopa/uav_ws/install/uav_teleop/lib/python3.10/site-packages/uav_teleop-0.0.0-py3.10.egg-info
[0.755s] running install_scripts
[0.771s] Installing uav_teleop_node script to /home/gepopa/uav_ws/install/uav_teleop/lib/uav_teleop
[0.771s] writing list of installed files to '/home/gepopa/uav_ws/build/uav_teleop/install.log'
[0.792s] Invoked command in '/home/gepopa/uav_ws/src/uav_teleop' returned '0': PYTHONPATH=/home/gepopa/uav_ws/build/uav_teleop/prefix_override:/home/gepopa/uav_ws/install/uav_teleop/lib/python3.10/site-packages:${PYTHONPATH} /usr/bin/python3 setup.py egg_info --egg-base ../../build/uav_teleop build --build-base /home/gepopa/uav_ws/build/uav_teleop/build install --record /home/gepopa/uav_ws/build/uav_teleop/install.log --single-version-externally-managed
