[0.841s] Invoking command in '/home/gepopa/uav_ws/src/uav_visualizer': PYTHONPATH=/home/gepopa/uav_ws/build/uav_visualizer/prefix_override:/home/gepopa/uav_ws/install/uav_visualizer/lib/python3.10/site-packages:${PYTHONPATH} /usr/bin/python3 setup.py egg_info --egg-base ../../build/uav_visualizer build --build-base /home/gepopa/uav_ws/build/uav_visualizer/build install --record /home/gepopa/uav_ws/build/uav_visualizer/install.log --single-version-externally-managed
[1.093s] running egg_info
[1.094s] writing ../../build/uav_visualizer/uav_visualizer.egg-info/PKG-INFO
[1.094s] writing dependency_links to ../../build/uav_visualizer/uav_visualizer.egg-info/dependency_links.txt
[1.094s] writing entry points to ../../build/uav_visualizer/uav_visualizer.egg-info/entry_points.txt
[1.094s] writing requirements to ../../build/uav_visualizer/uav_visualizer.egg-info/requires.txt
[1.094s] writing top-level names to ../../build/uav_visualizer/uav_visualizer.egg-info/top_level.txt
[1.096s] reading manifest file '../../build/uav_visualizer/uav_visualizer.egg-info/SOURCES.txt'
[1.098s] writing manifest file '../../build/uav_visualizer/uav_visualizer.egg-info/SOURCES.txt'
[1.098s] running build
[1.098s] running build_py
[1.098s] copying uav_visualizer/visualizer_node.py -> /home/gepopa/uav_ws/build/uav_visualizer/build/lib/uav_visualizer
[1.098s] running install
[1.099s] running install_lib
[1.100s] copying /home/gepopa/uav_ws/build/uav_visualizer/build/lib/uav_visualizer/visualizer_node.py -> /home/gepopa/uav_ws/install/uav_visualizer/lib/python3.10/site-packages/uav_visualizer
[1.100s] byte-compiling /home/gepopa/uav_ws/install/uav_visualizer/lib/python3.10/site-packages/uav_visualizer/visualizer_node.py to visualizer_node.cpython-310.pyc
[1.102s] running install_data
[1.102s] copying package.xml -> /home/gepopa/uav_ws/install/uav_visualizer/share/uav_visualizer
[1.103s] running install_egg_info
[1.106s] removing '/home/gepopa/uav_ws/install/uav_visualizer/lib/python3.10/site-packages/uav_visualizer-0.0.0-py3.10.egg-info' (and everything under it)
[1.106s] Copying ../../build/uav_visualizer/uav_visualizer.egg-info to /home/gepopa/uav_ws/install/uav_visualizer/lib/python3.10/site-packages/uav_visualizer-0.0.0-py3.10.egg-info
[1.107s] running install_scripts
[1.142s] Installing visualizer_node script to /home/gepopa/uav_ws/install/uav_visualizer/lib/uav_visualizer
[1.143s] writing list of installed files to '/home/gepopa/uav_ws/build/uav_visualizer/install.log'
[1.173s] Invoked command in '/home/gepopa/uav_ws/src/uav_visualizer' returned '0': PYTHONPATH=/home/gepopa/uav_ws/build/uav_visualizer/prefix_override:/home/gepopa/uav_ws/install/uav_visualizer/lib/python3.10/site-packages:${PYTHONPATH} /usr/bin/python3 setup.py egg_info --egg-base ../../build/uav_visualizer build --build-base /home/gepopa/uav_ws/build/uav_visualizer/build install --record /home/gepopa/uav_ws/build/uav_visualizer/install.log --single-version-externally-managed
