[0.016s] Invoking command in '/home/gepopa/uav_ws/build/uav_bringup': CMAKE_PREFIX_PATH=${CMAKE_PREFIX_PATH}:/home/gepopa/ros2_px4_offboard_example_ws/install/px4_offboard:/opt/ros/humble /usr/bin/cmake /home/gepopa/uav_ws/src/uav_bringup -DCMAKE_INSTALL_PREFIX=/home/gepopa/uav_ws/install/uav_bringup
[0.124s] -- The C compiler identification is GNU 11.4.0
[0.202s] -- The CXX compiler identification is GNU 11.4.0
[0.210s] -- Detecting C compiler ABI info
[0.273s] -- Detecting C compiler ABI info - done
[0.280s] -- Check for working C compiler: /usr/bin/cc - skipped
[0.280s] -- Detecting C compile features
[0.281s] -- Detecting C compile features - done
[0.284s] -- Detecting CXX compiler ABI info
[0.357s] -- Detecting CXX compiler ABI info - done
[0.363s] -- Check for working CXX compiler: /usr/bin/c++ - skipped
[0.364s] -- Detecting CXX compile features
[0.364s] -- Detecting CXX compile features - done
[0.366s] -- Found ament_cmake: 1.3.5 (/opt/ros/humble/share/ament_cmake/cmake)
[0.502s] -- Found Python3: /usr/bin/python3.10 (found version "3.10.12") found components: Interpreter 
[0.588s] -- Found ament_lint_auto: 0.12.6 (/opt/ros/humble/share/ament_lint_auto/cmake)
[0.662s] -- Added test 'flake8' to check Python code syntax and style conventions
[0.663s] -- Added test 'lint_cmake' to check CMake code style
[0.664s] -- Added test 'pep257' to check Python code against some of the docstring style conventions in PEP 257
[0.666s] -- Added test 'xmllint' to check XML markup files
[0.667s] -- Configuring done
[0.670s] -- Generating done
[0.671s] -- Build files have been written to: /home/gepopa/uav_ws/build/uav_bringup
[0.676s] Invoked command in '/home/gepopa/uav_ws/build/uav_bringup' returned '0': CMAKE_PREFIX_PATH=${CMAKE_PREFIX_PATH}:/home/gepopa/ros2_px4_offboard_example_ws/install/px4_offboard:/opt/ros/humble /usr/bin/cmake /home/gepopa/uav_ws/src/uav_bringup -DCMAKE_INSTALL_PREFIX=/home/gepopa/uav_ws/install/uav_bringup
[0.678s] Invoking command in '/home/gepopa/uav_ws/build/uav_bringup': CMAKE_PREFIX_PATH=${CMAKE_PREFIX_PATH}:/home/gepopa/ros2_px4_offboard_example_ws/install/px4_offboard:/opt/ros/humble /usr/bin/cmake --build /home/gepopa/uav_ws/build/uav_bringup -- -j12 -l12
[0.713s] Invoked command in '/home/gepopa/uav_ws/build/uav_bringup' returned '0': CMAKE_PREFIX_PATH=${CMAKE_PREFIX_PATH}:/home/gepopa/ros2_px4_offboard_example_ws/install/px4_offboard:/opt/ros/humble /usr/bin/cmake --build /home/gepopa/uav_ws/build/uav_bringup -- -j12 -l12
[0.742s] Invoking command in '/home/gepopa/uav_ws/build/uav_bringup': CMAKE_PREFIX_PATH=${CMAKE_PREFIX_PATH}:/home/gepopa/ros2_px4_offboard_example_ws/install/px4_offboard:/opt/ros/humble /usr/bin/cmake --install /home/gepopa/uav_ws/build/uav_bringup
[0.750s] -- Install configuration: ""
[0.751s] -- Installing: /home/gepopa/uav_ws/install/uav_bringup/share/uav_bringup//launch
[0.751s] -- Installing: /home/gepopa/uav_ws/install/uav_bringup/share/uav_bringup//launch/robot_spawn_launch.py
[0.751s] -- Installing: /home/gepopa/uav_ws/install/uav_bringup/share/uav_bringup//launch/gazebo_launch.py
[0.751s] -- Installing: /home/gepopa/uav_ws/install/uav_bringup/share/uav_bringup//launch/main_launch.py
[0.751s] -- Installing: /home/gepopa/uav_ws/install/uav_bringup/share/uav_bringup//worlds
[0.751s] -- Installing: /home/gepopa/uav_ws/install/uav_bringup/share/uav_bringup//worlds/cylinder.world
[0.751s] -- Installing: /home/gepopa/uav_ws/install/uav_bringup/share/uav_bringup//models
[0.752s] -- Installing: /home/gepopa/uav_ws/install/uav_bringup/share/uav_bringup//models/realsense_camera
[0.752s] -- Installing: /home/gepopa/uav_ws/install/uav_bringup/share/uav_bringup//models/realsense_camera/materials
[0.752s] -- Installing: /home/gepopa/uav_ws/install/uav_bringup/share/uav_bringup//models/realsense_camera/materials/textures
[0.752s] -- Installing: /home/gepopa/uav_ws/install/uav_bringup/share/uav_bringup//models/realsense_camera/materials/textures/realsense_diffuse.png
[0.752s] -- Installing: /home/gepopa/uav_ws/install/uav_bringup/share/uav_bringup//models/realsense_camera/model.sdf
[0.752s] -- Installing: /home/gepopa/uav_ws/install/uav_bringup/share/uav_bringup//models/realsense_camera/meshes
[0.752s] -- Installing: /home/gepopa/uav_ws/install/uav_bringup/share/uav_bringup//models/realsense_camera/meshes/realsense.dae
[0.753s] -- Installing: /home/gepopa/uav_ws/install/uav_bringup/share/uav_bringup//models/realsense_camera/model.config
[0.753s] -- Installing: /home/gepopa/uav_ws/install/uav_bringup/share/uav_bringup//models/gps
[0.753s] -- Installing: /home/gepopa/uav_ws/install/uav_bringup/share/uav_bringup//models/gps/gps.sdf
[0.753s] -- Installing: /home/gepopa/uav_ws/install/uav_bringup/share/uav_bringup//models/gps/model.config
[0.753s] -- Installing: /home/gepopa/uav_ws/install/uav_bringup/share/uav_bringup//models/depth_camera_sensor
[0.753s] -- Installing: /home/gepopa/uav_ws/install/uav_bringup/share/uav_bringup//models/depth_camera_sensor/meshes
[0.753s] -- Installing: /home/gepopa/uav_ws/install/uav_bringup/share/uav_bringup//models/depth_camera_sensor/meshes/hokuyo_convex.stl
[0.754s] -- Installing: /home/gepopa/uav_ws/install/uav_bringup/share/uav_bringup//models/depth_camera_sensor/meshes/hokuyo.dae
[0.754s] -- Installing: /home/gepopa/uav_ws/install/uav_bringup/share/uav_bringup//models/depth_camera_sensor/depth_camera_sensor.sdf
[0.755s] -- Installing: /home/gepopa/uav_ws/install/uav_bringup/share/uav_bringup//models/depth_camera_sensor/model.config
[0.755s] -- Installing: /home/gepopa/uav_ws/install/uav_bringup/share/uav_bringup//models/iris_depth_camera
[0.755s] -- Installing: /home/gepopa/uav_ws/install/uav_bringup/share/uav_bringup//models/iris_depth_camera/iris_depth_camera.sdf
[0.755s] -- Installing: /home/gepopa/uav_ws/install/uav_bringup/share/uav_bringup//models/iris_depth_camera/model.config
[0.755s] -- Installing: /home/gepopa/uav_ws/install/uav_bringup/share/uav_bringup//models/iris
[0.756s] -- Installing: /home/gepopa/uav_ws/install/uav_bringup/share/uav_bringup//models/iris/iris.sdf
[0.756s] -- Installing: /home/gepopa/uav_ws/install/uav_bringup/share/uav_bringup//models/iris/meshes
[0.756s] -- Installing: /home/gepopa/uav_ws/install/uav_bringup/share/uav_bringup//models/iris/meshes/iris_prop_cw.dae
[0.757s] -- Installing: /home/gepopa/uav_ws/install/uav_bringup/share/uav_bringup//models/iris/meshes/iris.stl
[0.764s] -- Installing: /home/gepopa/uav_ws/install/uav_bringup/share/uav_bringup//models/iris/meshes/iris_prop_ccw.dae
[0.766s] -- Installing: /home/gepopa/uav_ws/install/uav_bringup/share/uav_bringup//models/iris/model.config
[0.766s] -- Installing: /home/gepopa/uav_ws/install/uav_bringup/share/ament_index/resource_index/package_run_dependencies/uav_bringup
[0.767s] -- Installing: /home/gepopa/uav_ws/install/uav_bringup/share/ament_index/resource_index/parent_prefix_path/uav_bringup
[0.767s] -- Installing: /home/gepopa/uav_ws/install/uav_bringup/share/uav_bringup/environment/ament_prefix_path.sh
[0.767s] -- Installing: /home/gepopa/uav_ws/install/uav_bringup/share/uav_bringup/environment/ament_prefix_path.dsv
[0.767s] -- Installing: /home/gepopa/uav_ws/install/uav_bringup/share/uav_bringup/environment/path.sh
[0.767s] -- Installing: /home/gepopa/uav_ws/install/uav_bringup/share/uav_bringup/environment/path.dsv
[0.767s] -- Installing: /home/gepopa/uav_ws/install/uav_bringup/share/uav_bringup/local_setup.bash
[0.768s] -- Installing: /home/gepopa/uav_ws/install/uav_bringup/share/uav_bringup/local_setup.sh
[0.768s] -- Installing: /home/gepopa/uav_ws/install/uav_bringup/share/uav_bringup/local_setup.zsh
[0.768s] -- Installing: /home/gepopa/uav_ws/install/uav_bringup/share/uav_bringup/local_setup.dsv
[0.768s] -- Installing: /home/gepopa/uav_ws/install/uav_bringup/share/uav_bringup/package.dsv
[0.768s] -- Installing: /home/gepopa/uav_ws/install/uav_bringup/share/ament_index/resource_index/packages/uav_bringup
[0.768s] -- Installing: /home/gepopa/uav_ws/install/uav_bringup/share/uav_bringup/cmake/uav_bringupConfig.cmake
[0.768s] -- Installing: /home/gepopa/uav_ws/install/uav_bringup/share/uav_bringup/cmake/uav_bringupConfig-version.cmake
[0.769s] -- Installing: /home/gepopa/uav_ws/install/uav_bringup/share/uav_bringup/package.xml
[0.772s] Invoked command in '/home/gepopa/uav_ws/build/uav_bringup' returned '0': CMAKE_PREFIX_PATH=${CMAKE_PREFIX_PATH}:/home/gepopa/ros2_px4_offboard_example_ws/install/px4_offboard:/opt/ros/humble /usr/bin/cmake --install /home/gepopa/uav_ws/build/uav_bringup
