[0.783s] Invoking command in '/home/gepopa/uav_ws/src/uav_controller': AMENT_PREFIX_PATH=/home/gepopa/uav_ws/install/px4_msgs:${AMENT_PREFIX_PATH} CMAKE_PREFIX_PATH=/home/gepopa/uav_ws/install/px4_msgs:${CMAKE_PREFIX_PATH} LD_LIBRARY_PATH=/home/gepopa/uav_ws/install/px4_msgs/lib:${LD_LIBRARY_PATH} PYTHONPATH=/home/gepopa/uav_ws/build/uav_controller/prefix_override:/home/gepopa/uav_ws/install/uav_controller/lib/python3.10/site-packages:/home/gepopa/uav_ws/install/px4_msgs/local/lib/python3.10/dist-packages:${PYTHONPATH} /usr/bin/python3 setup.py egg_info --egg-base ../../build/uav_controller build --build-base /home/gepopa/uav_ws/build/uav_controller/build install --record /home/gepopa/uav_ws/build/uav_controller/install.log --single-version-externally-managed
[0.993s] running egg_info
[0.993s] writing ../../build/uav_controller/uav_controller.egg-info/PKG-INFO
[0.993s] writing dependency_links to ../../build/uav_controller/uav_controller.egg-info/dependency_links.txt
[0.994s] writing entry points to ../../build/uav_controller/uav_controller.egg-info/entry_points.txt
[0.994s] writing requirements to ../../build/uav_controller/uav_controller.egg-info/requires.txt
[0.994s] writing top-level names to ../../build/uav_controller/uav_controller.egg-info/top_level.txt
[0.995s] reading manifest file '../../build/uav_controller/uav_controller.egg-info/SOURCES.txt'
[0.996s] writing manifest file '../../build/uav_controller/uav_controller.egg-info/SOURCES.txt'
[0.996s] running build
[0.997s] running build_py
[0.997s] copying uav_controller/controller_node.py -> /home/gepopa/uav_ws/build/uav_controller/build/lib/uav_controller
[0.997s] running install
[0.997s] running install_lib
[0.998s] copying /home/gepopa/uav_ws/build/uav_controller/build/lib/uav_controller/controller_node.py -> /home/gepopa/uav_ws/install/uav_controller/lib/python3.10/site-packages/uav_controller
[0.998s] byte-compiling /home/gepopa/uav_ws/install/uav_controller/lib/python3.10/site-packages/uav_controller/controller_node.py to controller_node.cpython-310.pyc
[1.000s] running install_data
[1.001s] running install_egg_info
[1.003s] removing '/home/gepopa/uav_ws/install/uav_controller/lib/python3.10/site-packages/uav_controller-0.0.0-py3.10.egg-info' (and everything under it)
[1.003s] Copying ../../build/uav_controller/uav_controller.egg-info to /home/gepopa/uav_ws/install/uav_controller/lib/python3.10/site-packages/uav_controller-0.0.0-py3.10.egg-info
[1.004s] running install_scripts
[1.021s] Installing controller_node script to /home/gepopa/uav_ws/install/uav_controller/lib/uav_controller
[1.021s] writing list of installed files to '/home/gepopa/uav_ws/build/uav_controller/install.log'
[1.048s] Invoked command in '/home/gepopa/uav_ws/src/uav_controller' returned '0': AMENT_PREFIX_PATH=/home/gepopa/uav_ws/install/px4_msgs:${AMENT_PREFIX_PATH} CMAKE_PREFIX_PATH=/home/gepopa/uav_ws/install/px4_msgs:${CMAKE_PREFIX_PATH} LD_LIBRARY_PATH=/home/gepopa/uav_ws/install/px4_msgs/lib:${LD_LIBRARY_PATH} PYTHONPATH=/home/gepopa/uav_ws/build/uav_controller/prefix_override:/home/gepopa/uav_ws/install/uav_controller/lib/python3.10/site-packages:/home/gepopa/uav_ws/install/px4_msgs/local/lib/python3.10/dist-packages:${PYTHONPATH} /usr/bin/python3 setup.py egg_info --egg-base ../../build/uav_controller build --build-base /home/gepopa/uav_ws/build/uav_controller/build install --record /home/gepopa/uav_ws/build/uav_controller/install.log --single-version-externally-managed
