[0.537s] Invoking command in '/home/gepopa/uav_ws/src/uav_teleop': PYTHONPATH=/home/gepopa/uav_ws/build/uav_teleop/prefix_override:/home/gepopa/uav_ws/install/uav_teleop/lib/python3.10/site-packages:${PYTHONPATH} /usr/bin/python3 setup.py egg_info --egg-base ../../build/uav_teleop build --build-base /home/gepopa/uav_ws/build/uav_teleop/build install --record /home/gepopa/uav_ws/build/uav_teleop/install.log --single-version-externally-managed
[0.832s] running egg_info
[0.833s] writing ../../build/uav_teleop/uav_teleop.egg-info/PKG-INFO
[0.833s] writing dependency_links to ../../build/uav_teleop/uav_teleop.egg-info/dependency_links.txt
[0.833s] writing entry points to ../../build/uav_teleop/uav_teleop.egg-info/entry_points.txt
[0.833s] writing requirements to ../../build/uav_teleop/uav_teleop.egg-info/requires.txt
[0.833s] writing top-level names to ../../build/uav_teleop/uav_teleop.egg-info/top_level.txt
[0.835s] reading manifest file '../../build/uav_teleop/uav_teleop.egg-info/SOURCES.txt'
[0.835s] writing manifest file '../../build/uav_teleop/uav_teleop.egg-info/SOURCES.txt'
[0.836s] running build
[0.836s] running build_py
[0.836s] running install
[0.836s] running install_lib
[0.837s] running install_data
[0.837s] running install_egg_info
[0.839s] removing '/home/gepopa/uav_ws/install/uav_teleop/lib/python3.10/site-packages/uav_teleop-0.0.0-py3.10.egg-info' (and everything under it)
[0.839s] Copying ../../build/uav_teleop/uav_teleop.egg-info to /home/gepopa/uav_ws/install/uav_teleop/lib/python3.10/site-packages/uav_teleop-0.0.0-py3.10.egg-info
[0.840s] running install_scripts
[0.858s] Installing uav_teleop_node script to /home/gepopa/uav_ws/install/uav_teleop/lib/uav_teleop
[0.858s] writing list of installed files to '/home/gepopa/uav_ws/build/uav_teleop/install.log'
[0.880s] Invoked command in '/home/gepopa/uav_ws/src/uav_teleop' returned '0': PYTHONPATH=/home/gepopa/uav_ws/build/uav_teleop/prefix_override:/home/gepopa/uav_ws/install/uav_teleop/lib/python3.10/site-packages:${PYTHONPATH} /usr/bin/python3 setup.py egg_info --egg-base ../../build/uav_teleop build --build-base /home/gepopa/uav_ws/build/uav_teleop/build install --record /home/gepopa/uav_ws/build/uav_teleop/install.log --single-version-externally-managed
