running egg_info
creating ../../build/uav_visualizer/uav_visualizer.egg-info
writing ../../build/uav_visualizer/uav_visualizer.egg-info/PKG-INFO
writing dependency_links to ../../build/uav_visualizer/uav_visualizer.egg-info/dependency_links.txt
writing entry points to ../../build/uav_visualizer/uav_visualizer.egg-info/entry_points.txt
writing requirements to ../../build/uav_visualizer/uav_visualizer.egg-info/requires.txt
writing top-level names to ../../build/uav_visualizer/uav_visualizer.egg-info/top_level.txt
writing manifest file '../../build/uav_visualizer/uav_visualizer.egg-info/SOURCES.txt'
reading manifest file '../../build/uav_visualizer/uav_visualizer.egg-info/SOURCES.txt'
writing manifest file '../../build/uav_visualizer/uav_visualizer.egg-info/SOURCES.txt'
running build
running build_py
creating /home/gepopa/uav_ws/build/uav_visualizer/build
creating /home/gepopa/uav_ws/build/uav_visualizer/build/lib
creating /home/gepopa/uav_ws/build/uav_visualizer/build/lib/uav_visualizer
copying uav_visualizer/__init__.py -> /home/gepopa/uav_ws/build/uav_visualizer/build/lib/uav_visualizer
copying uav_visualizer/visualizer_node.py -> /home/gepopa/uav_ws/build/uav_visualizer/build/lib/uav_visualizer
running install
running install_lib
creating /home/gepopa/uav_ws/install/uav_visualizer/lib/python3.10/site-packages/uav_visualizer
copying /home/gepopa/uav_ws/build/uav_visualizer/build/lib/uav_visualizer/__init__.py -> /home/gepopa/uav_ws/install/uav_visualizer/lib/python3.10/site-packages/uav_visualizer
copying /home/gepopa/uav_ws/build/uav_visualizer/build/lib/uav_visualizer/visualizer_node.py -> /home/gepopa/uav_ws/install/uav_visualizer/lib/python3.10/site-packages/uav_visualizer
byte-compiling /home/gepopa/uav_ws/install/uav_visualizer/lib/python3.10/site-packages/uav_visualizer/__init__.py to __init__.cpython-310.pyc
byte-compiling /home/gepopa/uav_ws/install/uav_visualizer/lib/python3.10/site-packages/uav_visualizer/visualizer_node.py to visualizer_node.cpython-310.pyc
running install_data
creating /home/gepopa/uav_ws/install/uav_visualizer/share/ament_index
creating /home/gepopa/uav_ws/install/uav_visualizer/share/ament_index/resource_index
creating /home/gepopa/uav_ws/install/uav_visualizer/share/ament_index/resource_index/packages
copying resource/uav_visualizer -> /home/gepopa/uav_ws/install/uav_visualizer/share/ament_index/resource_index/packages
copying package.xml -> /home/gepopa/uav_ws/install/uav_visualizer/share/uav_visualizer
creating /home/gepopa/uav_ws/install/uav_visualizer/share/uav_visualizer/launch
copying launch/uav_visualizer_launch.py -> /home/gepopa/uav_ws/install/uav_visualizer/share/uav_visualizer/launch
creating /home/gepopa/uav_ws/install/uav_visualizer/share/uav_visualizer/resource
copying resource/uav_visualizer.rviz -> /home/gepopa/uav_ws/install/uav_visualizer/share/uav_visualizer/resource
running install_egg_info
Copying ../../build/uav_visualizer/uav_visualizer.egg-info to /home/gepopa/uav_ws/install/uav_visualizer/lib/python3.10/site-packages/uav_visualizer-0.0.0-py3.10.egg-info
running install_scripts
Installing visualizer_node script to /home/gepopa/uav_ws/install/uav_visualizer/lib/uav_visualizer
writing list of installed files to '/home/gepopa/uav_ws/build/uav_visualizer/install.log'
