running egg_info
creating ../../build/uav_controller/uav_controller.egg-info
writing ../../build/uav_controller/uav_controller.egg-info/PKG-INFO
writing dependency_links to ../../build/uav_controller/uav_controller.egg-info/dependency_links.txt
writing entry points to ../../build/uav_controller/uav_controller.egg-info/entry_points.txt
writing requirements to ../../build/uav_controller/uav_controller.egg-info/requires.txt
writing top-level names to ../../build/uav_controller/uav_controller.egg-info/top_level.txt
writing manifest file '../../build/uav_controller/uav_controller.egg-info/SOURCES.txt'
reading manifest file '../../build/uav_controller/uav_controller.egg-info/SOURCES.txt'
writing manifest file '../../build/uav_controller/uav_controller.egg-info/SOURCES.txt'
running build
running build_py
creating /home/gepopa/uav_ws/build/uav_controller/build
creating /home/gepopa/uav_ws/build/uav_controller/build/lib
creating /home/gepopa/uav_ws/build/uav_controller/build/lib/uav_controller
copying uav_controller/__init__.py -> /home/gepopa/uav_ws/build/uav_controller/build/lib/uav_controller
copying uav_controller/velocity_controller_node.py -> /home/gepopa/uav_ws/build/uav_controller/build/lib/uav_controller
running install
running install_lib
creating /home/gepopa/uav_ws/install/uav_controller/lib/python3.10/site-packages/uav_controller
copying /home/gepopa/uav_ws/build/uav_controller/build/lib/uav_controller/__init__.py -> /home/gepopa/uav_ws/install/uav_controller/lib/python3.10/site-packages/uav_controller
copying /home/gepopa/uav_ws/build/uav_controller/build/lib/uav_controller/velocity_controller_node.py -> /home/gepopa/uav_ws/install/uav_controller/lib/python3.10/site-packages/uav_controller
byte-compiling /home/gepopa/uav_ws/install/uav_controller/lib/python3.10/site-packages/uav_controller/__init__.py to __init__.cpython-310.pyc
byte-compiling /home/gepopa/uav_ws/install/uav_controller/lib/python3.10/site-packages/uav_controller/velocity_controller_node.py to velocity_controller_node.cpython-310.pyc
running install_data
creating /home/gepopa/uav_ws/install/uav_controller/share/ament_index
creating /home/gepopa/uav_ws/install/uav_controller/share/ament_index/resource_index
creating /home/gepopa/uav_ws/install/uav_controller/share/ament_index/resource_index/packages
copying resource/uav_controller -> /home/gepopa/uav_ws/install/uav_controller/share/ament_index/resource_index/packages
copying package.xml -> /home/gepopa/uav_ws/install/uav_controller/share/uav_controller
running install_egg_info
Copying ../../build/uav_controller/uav_controller.egg-info to /home/gepopa/uav_ws/install/uav_controller/lib/python3.10/site-packages/uav_controller-0.0.0-py3.10.egg-info
running install_scripts
Installing velocity_controller_node script to /home/gepopa/uav_ws/install/uav_controller/lib/uav_controller
writing list of installed files to '/home/gepopa/uav_ws/build/uav_controller/install.log'
