[0.019s] Invoking command in '/home/gepopa/uav_ws/build/uav_bringup': CMAKE_PREFIX_PATH=${CMAKE_PREFIX_PATH}:/home/gepopa/ros2_px4_offboard_example_ws/install/px4_offboard:/opt/ros/humble /usr/bin/cmake --build /home/gepopa/uav_ws/build/uav_bringup -- -j12 -l12
[0.239s] Invoked command in '/home/gepopa/uav_ws/build/uav_bringup' returned '0': CMAKE_PREFIX_PATH=${CMAKE_PREFIX_PATH}:/home/gepopa/ros2_px4_offboard_example_ws/install/px4_offboard:/opt/ros/humble /usr/bin/cmake --build /home/gepopa/uav_ws/build/uav_bringup -- -j12 -l12
[0.267s] Invoking command in '/home/gepopa/uav_ws/build/uav_bringup': CMAKE_PREFIX_PATH=${CMAKE_PREFIX_PATH}:/home/gepopa/ros2_px4_offboard_example_ws/install/px4_offboard:/opt/ros/humble /usr/bin/cmake --install /home/gepopa/uav_ws/build/uav_bringup
[0.274s] -- Install configuration: ""
[0.274s] -- Up-to-date: /home/gepopa/uav_ws/install/uav_bringup/share/uav_bringup//launch
[0.274s] -- Up-to-date: /home/gepopa/uav_ws/install/uav_bringup/share/uav_bringup//launch/robot_spawn_launch.py
[0.274s] -- Up-to-date: /home/gepopa/uav_ws/install/uav_bringup/share/uav_bringup//launch/gazebo_launch.py
[0.274s] -- Up-to-date: /home/gepopa/uav_ws/install/uav_bringup/share/uav_bringup//launch/main_launch.py
[0.275s] -- Up-to-date: /home/gepopa/uav_ws/install/uav_bringup/share/uav_bringup//worlds
[0.275s] -- Up-to-date: /home/gepopa/uav_ws/install/uav_bringup/share/uav_bringup//worlds/cylinder.world
[0.275s] -- Up-to-date: /home/gepopa/uav_ws/install/uav_bringup/share/uav_bringup//models
[0.275s] -- Up-to-date: /home/gepopa/uav_ws/install/uav_bringup/share/uav_bringup//models/realsense_camera
[0.275s] -- Up-to-date: /home/gepopa/uav_ws/install/uav_bringup/share/uav_bringup//models/realsense_camera/materials
[0.275s] -- Up-to-date: /home/gepopa/uav_ws/install/uav_bringup/share/uav_bringup//models/realsense_camera/materials/textures
[0.275s] -- Up-to-date: /home/gepopa/uav_ws/install/uav_bringup/share/uav_bringup//models/realsense_camera/materials/textures/realsense_diffuse.png
[0.275s] -- Up-to-date: /home/gepopa/uav_ws/install/uav_bringup/share/uav_bringup//models/realsense_camera/model.sdf
[0.275s] -- Up-to-date: /home/gepopa/uav_ws/install/uav_bringup/share/uav_bringup//models/realsense_camera/meshes
[0.276s] -- Up-to-date: /home/gepopa/uav_ws/install/uav_bringup/share/uav_bringup//models/realsense_camera/meshes/realsense.dae
[0.276s] -- Up-to-date: /home/gepopa/uav_ws/install/uav_bringup/share/uav_bringup//models/realsense_camera/model.config
[0.276s] -- Up-to-date: /home/gepopa/uav_ws/install/uav_bringup/share/uav_bringup//models/gps
[0.276s] -- Up-to-date: /home/gepopa/uav_ws/install/uav_bringup/share/uav_bringup//models/gps/gps.sdf
[0.276s] -- Up-to-date: /home/gepopa/uav_ws/install/uav_bringup/share/uav_bringup//models/gps/model.config
[0.277s] -- Up-to-date: /home/gepopa/uav_ws/install/uav_bringup/share/uav_bringup//models/depth_camera_sensor
[0.277s] -- Up-to-date: /home/gepopa/uav_ws/install/uav_bringup/share/uav_bringup//models/depth_camera_sensor/meshes
[0.278s] -- Up-to-date: /home/gepopa/uav_ws/install/uav_bringup/share/uav_bringup//models/depth_camera_sensor/meshes/hokuyo_convex.stl
[0.278s] -- Up-to-date: /home/gepopa/uav_ws/install/uav_bringup/share/uav_bringup//models/depth_camera_sensor/meshes/hokuyo.dae
[0.278s] -- Up-to-date: /home/gepopa/uav_ws/install/uav_bringup/share/uav_bringup//models/depth_camera_sensor/depth_camera_sensor.sdf
[0.278s] -- Up-to-date: /home/gepopa/uav_ws/install/uav_bringup/share/uav_bringup//models/depth_camera_sensor/model.config
[0.278s] -- Up-to-date: /home/gepopa/uav_ws/install/uav_bringup/share/uav_bringup//models/iris_depth_camera
[0.279s] -- Up-to-date: /home/gepopa/uav_ws/install/uav_bringup/share/uav_bringup//models/iris_depth_camera/iris_depth_camera.sdf
[0.279s] -- Up-to-date: /home/gepopa/uav_ws/install/uav_bringup/share/uav_bringup//models/iris_depth_camera/model.config
[0.279s] -- Up-to-date: /home/gepopa/uav_ws/install/uav_bringup/share/uav_bringup//models/iris
[0.279s] -- Up-to-date: /home/gepopa/uav_ws/install/uav_bringup/share/uav_bringup//models/iris/iris.sdf
[0.280s] -- Up-to-date: /home/gepopa/uav_ws/install/uav_bringup/share/uav_bringup//models/iris/meshes
[0.280s] -- Up-to-date: /home/gepopa/uav_ws/install/uav_bringup/share/uav_bringup//models/iris/meshes/iris_prop_cw.dae
[0.280s] -- Up-to-date: /home/gepopa/uav_ws/install/uav_bringup/share/uav_bringup//models/iris/meshes/iris.stl
[0.280s] -- Up-to-date: /home/gepopa/uav_ws/install/uav_bringup/share/uav_bringup//models/iris/meshes/iris_prop_ccw.dae
[0.280s] -- Up-to-date: /home/gepopa/uav_ws/install/uav_bringup/share/uav_bringup//models/iris/model.config
[0.281s] -- Up-to-date: /home/gepopa/uav_ws/install/uav_bringup/share/ament_index/resource_index/package_run_dependencies/uav_bringup
[0.281s] -- Up-to-date: /home/gepopa/uav_ws/install/uav_bringup/share/ament_index/resource_index/parent_prefix_path/uav_bringup
[0.282s] -- Up-to-date: /home/gepopa/uav_ws/install/uav_bringup/share/uav_bringup/environment/ament_prefix_path.sh
[0.282s] -- Up-to-date: /home/gepopa/uav_ws/install/uav_bringup/share/uav_bringup/environment/ament_prefix_path.dsv
[0.282s] -- Up-to-date: /home/gepopa/uav_ws/install/uav_bringup/share/uav_bringup/environment/path.sh
[0.282s] -- Up-to-date: /home/gepopa/uav_ws/install/uav_bringup/share/uav_bringup/environment/path.dsv
[0.283s] -- Up-to-date: /home/gepopa/uav_ws/install/uav_bringup/share/uav_bringup/local_setup.bash
[0.283s] -- Up-to-date: /home/gepopa/uav_ws/install/uav_bringup/share/uav_bringup/local_setup.sh
[0.283s] -- Up-to-date: /home/gepopa/uav_ws/install/uav_bringup/share/uav_bringup/local_setup.zsh
[0.284s] -- Up-to-date: /home/gepopa/uav_ws/install/uav_bringup/share/uav_bringup/local_setup.dsv
[0.284s] -- Installing: /home/gepopa/uav_ws/install/uav_bringup/share/uav_bringup/package.dsv
[0.284s] -- Up-to-date: /home/gepopa/uav_ws/install/uav_bringup/share/ament_index/resource_index/packages/uav_bringup
[0.284s] -- Up-to-date: /home/gepopa/uav_ws/install/uav_bringup/share/uav_bringup/cmake/uav_bringupConfig.cmake
[0.284s] -- Up-to-date: /home/gepopa/uav_ws/install/uav_bringup/share/uav_bringup/cmake/uav_bringupConfig-version.cmake
[0.284s] -- Up-to-date: /home/gepopa/uav_ws/install/uav_bringup/share/uav_bringup/package.xml
[0.285s] Invoked command in '/home/gepopa/uav_ws/build/uav_bringup' returned '0': CMAKE_PREFIX_PATH=${CMAKE_PREFIX_PATH}:/home/gepopa/ros2_px4_offboard_example_ws/install/px4_offboard:/opt/ros/humble /usr/bin/cmake --install /home/gepopa/uav_ws/build/uav_bringup
