[0.542s] Invoking command in '/home/gepopa/uav_ws/src/uav_teleop': PYTHONPATH=/home/gepopa/uav_ws/build/uav_teleop/prefix_override:/home/gepopa/uav_ws/install/uav_teleop/lib/python3.10/site-packages:${PYTHONPATH} /usr/bin/python3 setup.py egg_info --egg-base ../../build/uav_teleop build --build-base /home/gepopa/uav_ws/build/uav_teleop/build install --record /home/gepopa/uav_ws/build/uav_teleop/install.log --single-version-externally-managed
[0.859s] running egg_info
[0.860s] writing ../../build/uav_teleop/uav_teleop.egg-info/PKG-INFO
[0.860s] writing dependency_links to ../../build/uav_teleop/uav_teleop.egg-info/dependency_links.txt
[0.861s] writing entry points to ../../build/uav_teleop/uav_teleop.egg-info/entry_points.txt
[0.861s] writing requirements to ../../build/uav_teleop/uav_teleop.egg-info/requires.txt
[0.861s] writing top-level names to ../../build/uav_teleop/uav_teleop.egg-info/top_level.txt
[0.863s] reading manifest file '../../build/uav_teleop/uav_teleop.egg-info/SOURCES.txt'
[0.864s] writing manifest file '../../build/uav_teleop/uav_teleop.egg-info/SOURCES.txt'
[0.864s] running build
[0.865s] running build_py
[0.865s] running install
[0.865s] running install_lib
[0.867s] running install_data
[0.867s] running install_egg_info
[0.869s] removing '/home/gepopa/uav_ws/install/uav_teleop/lib/python3.10/site-packages/uav_teleop-0.0.0-py3.10.egg-info' (and everything under it)
[0.869s] Copying ../../build/uav_teleop/uav_teleop.egg-info to /home/gepopa/uav_ws/install/uav_teleop/lib/python3.10/site-packages/uav_teleop-0.0.0-py3.10.egg-info
[0.870s] running install_scripts
[0.893s] Installing uav_teleop_node script to /home/gepopa/uav_ws/install/uav_teleop/lib/uav_teleop
[0.893s] writing list of installed files to '/home/gepopa/uav_ws/build/uav_teleop/install.log'
[0.927s] Invoked command in '/home/gepopa/uav_ws/src/uav_teleop' returned '0': PYTHONPATH=/home/gepopa/uav_ws/build/uav_teleop/prefix_override:/home/gepopa/uav_ws/install/uav_teleop/lib/python3.10/site-packages:${PYTHONPATH} /usr/bin/python3 setup.py egg_info --egg-base ../../build/uav_teleop build --build-base /home/gepopa/uav_ws/build/uav_teleop/build install --record /home/gepopa/uav_ws/build/uav_teleop/install.log --single-version-externally-managed
