[0.737s] Invoking command in '/home/gepopa/uav_ws/src/uav_controller': AMENT_PREFIX_PATH=/home/gepopa/uav_ws/install/px4_msgs:${AMENT_PREFIX_PATH} CMAKE_PREFIX_PATH=/home/gepopa/uav_ws/install/px4_msgs:${CMAKE_PREFIX_PATH} LD_LIBRARY_PATH=/home/gepopa/uav_ws/install/px4_msgs/lib:${LD_LIBRARY_PATH} PYTHONPATH=/home/gepopa/uav_ws/build/uav_controller/prefix_override:/home/gepopa/uav_ws/install/uav_controller/lib/python3.10/site-packages:/home/gepopa/uav_ws/install/px4_msgs/local/lib/python3.10/dist-packages:${PYTHONPATH} /usr/bin/python3 setup.py egg_info --egg-base ../../build/uav_controller build --build-base /home/gepopa/uav_ws/build/uav_controller/build install --record /home/gepopa/uav_ws/build/uav_controller/install.log --single-version-externally-managed
[0.955s] running egg_info
[0.955s] writing ../../build/uav_controller/uav_controller.egg-info/PKG-INFO
[0.955s] writing dependency_links to ../../build/uav_controller/uav_controller.egg-info/dependency_links.txt
[0.956s] writing entry points to ../../build/uav_controller/uav_controller.egg-info/entry_points.txt
[0.956s] writing requirements to ../../build/uav_controller/uav_controller.egg-info/requires.txt
[0.956s] writing top-level names to ../../build/uav_controller/uav_controller.egg-info/top_level.txt
[0.958s] reading manifest file '../../build/uav_controller/uav_controller.egg-info/SOURCES.txt'
[0.959s] writing manifest file '../../build/uav_controller/uav_controller.egg-info/SOURCES.txt'
[0.959s] running build
[0.959s] running build_py
[0.959s] copying uav_controller/controller_node.py -> /home/gepopa/uav_ws/build/uav_controller/build/lib/uav_controller
[0.960s] running install
[0.960s] running install_lib
[0.961s] copying /home/gepopa/uav_ws/build/uav_controller/build/lib/uav_controller/controller_node.py -> /home/gepopa/uav_ws/install/uav_controller/lib/python3.10/site-packages/uav_controller
[0.962s] byte-compiling /home/gepopa/uav_ws/install/uav_controller/lib/python3.10/site-packages/uav_controller/controller_node.py to controller_node.cpython-310.pyc
[0.965s] running install_data
[0.965s] running install_egg_info
[0.967s] removing '/home/gepopa/uav_ws/install/uav_controller/lib/python3.10/site-packages/uav_controller-0.0.0-py3.10.egg-info' (and everything under it)
[0.968s] Copying ../../build/uav_controller/uav_controller.egg-info to /home/gepopa/uav_ws/install/uav_controller/lib/python3.10/site-packages/uav_controller-0.0.0-py3.10.egg-info
[0.969s] running install_scripts
[0.992s] Installing controller_node script to /home/gepopa/uav_ws/install/uav_controller/lib/uav_controller
[0.993s] writing list of installed files to '/home/gepopa/uav_ws/build/uav_controller/install.log'
[1.019s] Invoked command in '/home/gepopa/uav_ws/src/uav_controller' returned '0': AMENT_PREFIX_PATH=/home/gepopa/uav_ws/install/px4_msgs:${AMENT_PREFIX_PATH} CMAKE_PREFIX_PATH=/home/gepopa/uav_ws/install/px4_msgs:${CMAKE_PREFIX_PATH} LD_LIBRARY_PATH=/home/gepopa/uav_ws/install/px4_msgs/lib:${LD_LIBRARY_PATH} PYTHONPATH=/home/gepopa/uav_ws/build/uav_controller/prefix_override:/home/gepopa/uav_ws/install/uav_controller/lib/python3.10/site-packages:/home/gepopa/uav_ws/install/px4_msgs/local/lib/python3.10/dist-packages:${PYTHONPATH} /usr/bin/python3 setup.py egg_info --egg-base ../../build/uav_controller build --build-base /home/gepopa/uav_ws/build/uav_controller/build install --record /home/gepopa/uav_ws/build/uav_controller/install.log --single-version-externally-managed
