[0.746s] Invoking command in '/home/gepopa/uav_ws/src/uav_controller': AMENT_PREFIX_PATH=/home/gepopa/uav_ws/install/px4_msgs:${AMENT_PREFIX_PATH} CMAKE_PREFIX_PATH=/home/gepopa/uav_ws/install/px4_msgs:${CMAKE_PREFIX_PATH} LD_LIBRARY_PATH=/home/gepopa/uav_ws/install/px4_msgs/lib:${LD_LIBRARY_PATH} PYTHONPATH=/home/gepopa/uav_ws/build/uav_controller/prefix_override:/home/gepopa/uav_ws/install/uav_controller/lib/python3.10/site-packages:/home/gepopa/uav_ws/install/px4_msgs/local/lib/python3.10/dist-packages:${PYTHONPATH} /usr/bin/python3 setup.py egg_info --egg-base ../../build/uav_controller build --build-base /home/gepopa/uav_ws/build/uav_controller/build install --record /home/gepopa/uav_ws/build/uav_controller/install.log --single-version-externally-managed
[0.974s] running egg_info
[0.975s] writing ../../build/uav_controller/uav_controller.egg-info/PKG-INFO
[0.975s] writing dependency_links to ../../build/uav_controller/uav_controller.egg-info/dependency_links.txt
[0.975s] writing entry points to ../../build/uav_controller/uav_controller.egg-info/entry_points.txt
[0.975s] writing requirements to ../../build/uav_controller/uav_controller.egg-info/requires.txt
[0.975s] writing top-level names to ../../build/uav_controller/uav_controller.egg-info/top_level.txt
[0.976s] reading manifest file '../../build/uav_controller/uav_controller.egg-info/SOURCES.txt'
[0.977s] writing manifest file '../../build/uav_controller/uav_controller.egg-info/SOURCES.txt'
[0.977s] running build
[0.977s] running build_py
[0.978s] copying uav_controller/controller_node.py -> /home/gepopa/uav_ws/build/uav_controller/build/lib/uav_controller
[0.978s] running install
[0.978s] running install_lib
[0.978s] copying /home/gepopa/uav_ws/build/uav_controller/build/lib/uav_controller/controller_node.py -> /home/gepopa/uav_ws/install/uav_controller/lib/python3.10/site-packages/uav_controller
[0.979s] byte-compiling /home/gepopa/uav_ws/install/uav_controller/lib/python3.10/site-packages/uav_controller/controller_node.py to controller_node.cpython-310.pyc
[0.981s] running install_data
[0.981s] copying launch/uav_controller_launch.py -> /home/gepopa/uav_ws/install/uav_controller/share/uav_controller/launch
[0.981s] running install_egg_info
[0.983s] removing '/home/gepopa/uav_ws/install/uav_controller/lib/python3.10/site-packages/uav_controller-0.0.0-py3.10.egg-info' (and everything under it)
[0.983s] Copying ../../build/uav_controller/uav_controller.egg-info to /home/gepopa/uav_ws/install/uav_controller/lib/python3.10/site-packages/uav_controller-0.0.0-py3.10.egg-info
[0.984s] running install_scripts
[1.001s] Installing controller_node script to /home/gepopa/uav_ws/install/uav_controller/lib/uav_controller
[1.001s] writing list of installed files to '/home/gepopa/uav_ws/build/uav_controller/install.log'
[1.023s] Invoked command in '/home/gepopa/uav_ws/src/uav_controller' returned '0': AMENT_PREFIX_PATH=/home/gepopa/uav_ws/install/px4_msgs:${AMENT_PREFIX_PATH} CMAKE_PREFIX_PATH=/home/gepopa/uav_ws/install/px4_msgs:${CMAKE_PREFIX_PATH} LD_LIBRARY_PATH=/home/gepopa/uav_ws/install/px4_msgs/lib:${LD_LIBRARY_PATH} PYTHONPATH=/home/gepopa/uav_ws/build/uav_controller/prefix_override:/home/gepopa/uav_ws/install/uav_controller/lib/python3.10/site-packages:/home/gepopa/uav_ws/install/px4_msgs/local/lib/python3.10/dist-packages:${PYTHONPATH} /usr/bin/python3 setup.py egg_info --egg-base ../../build/uav_controller build --build-base /home/gepopa/uav_ws/build/uav_controller/build install --record /home/gepopa/uav_ws/build/uav_controller/install.log --single-version-externally-managed
